::1 - - [23/Mar/2019:08:32:21 +0000] "GET /bookmarks HTTP/1.1" 304 - "-" "Mozilla/5.0 (X11; Linux x86_64) AppleWebKit/537.36 (KHTML, like Gecko) Chrome/73.0.3683.75 Safari/537.36"
::1 - - [23/Mar/2019:08:32:51 +0000] "GET /add HTTP/1.1" 404 44 "-" "Mozilla/5.0 (X11; Linux x86_64) AppleWebKit/537.36 (KHTML, like Gecko) Chrome/73.0.3683.75 Safari/537.36"
::1 - - [23/Mar/2019:08:33:15 +0000] "GET /bookmarks HTTP/1.1" 304 - "-" "Mozilla/5.0 (X11; Linux x86_64) AppleWebKit/537.36 (KHTML, like Gecko) Chrome/73.0.3683.75 Safari/537.36"
::1 - - [23/Mar/2019:08:33:29 +0000] "GET /vpcA6 HTTP/1.1" 302 184 "-" "Mozilla/5.0 (X11; Linux x86_64) AppleWebKit/537.36 (KHTML, like Gecko) Chrome/73.0.3683.75 Safari/537.36"
::1 - - [23/Mar/2019:08:33:39 +0000] "GET /bookmarks HTTP/1.1" 304 - "-" "Mozilla/5.0 (X11; Linux x86_64) AppleWebKit/537.36 (KHTML, like Gecko) Chrome/73.0.3683.75 Safari/537.36"
::1 - - [23/Mar/2019:08:35:38 +0000] "GET / HTTP/1.1" 404 58 "-" "Mozilla/5.0 (X11; Linux x86_64) AppleWebKit/537.36 (KHTML, like Gecko) Chrome/73.0.3683.75 Safari/537.36"
::1 - - [23/Mar/2019:08:43:39 +0000] "GET /bookmarks HTTP/1.1" 304 - "-" "Mozilla/5.0 (X11; Linux x86_64) AppleWebKit/537.36 (KHTML, like Gecko) Chrome/73.0.3683.75 Safari/537.36"
::1 - - [23/Mar/2019:08:43:43 +0000] "GET /bookmark HTTP/1.1" 404 44 "-" "Mozilla/5.0 (X11; Linux x86_64) AppleWebKit/537.36 (KHTML, like Gecko) Chrome/73.0.3683.75 Safari/537.36"
::1 - - [23/Mar/2019:08:44:33 +0000] "GET /bookmarks HTTP/1.1" 304 - "-" "Mozilla/5.0 (X11; Linux x86_64) AppleWebKit/537.36 (KHTML, like Gecko) Chrome/73.0.3683.75 Safari/537.36"
::1 - - [23/Mar/2019:08:44:35 +0000] "GET /bookmarks/add HTTP/1.1" 304 - "-" "Mozilla/5.0 (X11; Linux x86_64) AppleWebKit/537.36 (KHTML, like Gecko) Chrome/73.0.3683.75 Safari/537.36"
::1 - - [23/Mar/2019:08:45:08 +0000] "GET /bookmarks/add HTTP/1.1" 304 - "-" "Mozilla/5.0 (X11; Linux x86_64) AppleWebKit/537.36 (KHTML, like Gecko) Chrome/73.0.3683.75 Safari/537.36"
::1 - - [23/Mar/2019:08:52:13 +0000] "GET /bookmarks/add HTTP/1.1" 304 - "-" "Mozilla/5.0 (X11; Linux x86_64) AppleWebKit/537.36 (KHTML, like Gecko) Chrome/73.0.3683.75 Safari/537.36"
::1 - - [23/Mar/2019:08:52:15 +0000] "GET /bookmarks/add/url HTTP/1.1" 404 61 "-" "Mozilla/5.0 (X11; Linux x86_64) AppleWebKit/537.36 (KHTML, like Gecko) Chrome/73.0.3683.75 Safari/537.36"
::1 - - [23/Mar/2019:08:52:23 +0000] "GET /bookmarks/add/url HTTP/1.1" 404 58 "-" "Mozilla/5.0 (X11; Linux x86_64) AppleWebKit/537.36 (KHTML, like Gecko) Chrome/73.0.3683.75 Safari/537.36"
::1 - - [23/Mar/2019:08:52:28 +0000] "GET /bookmarks/add/url HTTP/1.1" 404 58 "-" "Mozilla/5.0 (X11; Linux x86_64) AppleWebKit/537.36 (KHTML, like Gecko) Chrome/73.0.3683.75 Safari/537.36"
::1 - - [23/Mar/2019:08:52:51 +0000] "GET / HTTP/1.1" 404 58 "-" "Mozilla/5.0 (X11; Linux x86_64) AppleWebKit/537.36 (KHTML, like Gecko) Chrome/73.0.3683.75 Safari/537.36"
::1 - - [23/Mar/2019:08:53:04 +0000] "GET /vpcA6/add HTTP/1.1" 404 58 "-" "Mozilla/5.0 (X11; Linux x86_64) AppleWebKit/537.36 (KHTML, like Gecko) Chrome/73.0.3683.75 Safari/537.36"
::1 - - [23/Mar/2019:08:53:31 +0000] "GET /vpcA6/add HTTP/1.1" 404 69 "-" "Mozilla/5.0 (X11; Linux x86_64) AppleWebKit/537.36 (KHTML, like Gecko) Chrome/73.0.3683.75 Safari/537.36"
::1 - - [23/Mar/2019:08:54:38 +0000] "GET /vpcA6/add HTTP/1.1" 404 62 "-" "Mozilla/5.0 (X11; Linux x86_64) AppleWebKit/537.36 (KHTML, like Gecko) Chrome/73.0.3683.75 Safari/537.36"
::1 - - [23/Mar/2019:08:55:19 +0000] "GET /delete/url HTTP/1.1" 404 62 "-" "Mozilla/5.0 (X11; Linux x86_64) AppleWebKit/537.36 (KHTML, like Gecko) Chrome/73.0.3683.75 Safari/537.36"
::1 - - [23/Mar/2019:08:55:50 +0000] "GET /add/url HTTP/1.1" 404 62 "-" "PostmanRuntime/7.6.0"
::1 - - [23/Mar/2019:08:56:55 +0000] "GET /delete/url HTTP/1.1" 404 62 "-" "Mozilla/5.0 (X11; Linux x86_64) AppleWebKit/537.36 (KHTML, like Gecko) Chrome/73.0.3683.75 Safari/537.36"
::1 - - [23/Mar/2019:08:57:24 +0000] "GET /bookmarks HTTP/1.1" 200 1045 "-" "PostmanRuntime/7.6.0"
::1 - - [23/Mar/2019:09:24:24 +0000] "GET /bookmarks/vpcA6 HTTP/1.1" 200 188 "-" "PostmanRuntime/7.6.0"
::1 - - [23/Mar/2019:09:24:32 +0000] "GET /vpcA6 HTTP/1.1" 302 92 "-" "PostmanRuntime/7.6.0"
::1 - - [23/Mar/2019:09:24:50 +0000] "GET /vpcA6 HTTP/1.1" 302 184 "-" "Mozilla/5.0 (X11; Linux x86_64) AppleWebKit/537.36 (KHTML, like Gecko) Chrome/73.0.3683.75 Safari/537.36"
::1 - - [23/Mar/2019:09:25:47 +0000] "GET /vpcA6 HTTP/1.1" 500 2328 "-" "Mozilla/5.0 (X11; Linux x86_64) AppleWebKit/537.36 (KHTML, like Gecko) Chrome/73.0.3683.75 Safari/537.36"
::1 - - [23/Mar/2019:09:27:14 +0000] "GET /vpcA6 HTTP/1.1" 302 184 "-" "Mozilla/5.0 (X11; Linux x86_64) AppleWebKit/537.36 (KHTML, like Gecko) Chrome/73.0.3683.75 Safari/537.36"
::1 - - [23/Mar/2019:09:29:01 +0000] "GET /vpcA6 HTTP/1.1" 302 184 "-" "Mozilla/5.0 (X11; Linux x86_64) AppleWebKit/537.36 (KHTML, like Gecko) Chrome/73.0.3683.75 Safari/537.36"
::1 - - [23/Mar/2019:09:29:25 +0000] "GET /vpcA6 HTTP/1.1" 302 184 "-" "Mozilla/5.0 (X11; Linux x86_64) AppleWebKit/537.36 (KHTML, like Gecko) Chrome/73.0.3683.75 Safari/537.36"
::1 - - [23/Mar/2019:09:29:51 +0000] "GET /vpcA6 HTTP/1.1" 302 184 "-" "Mozilla/5.0 (X11; Linux x86_64) AppleWebKit/537.36 (KHTML, like Gecko) Chrome/73.0.3683.75 Safari/537.36"
::1 - - [23/Mar/2019:09:31:05 +0000] "GET /vpcA6 HTTP/1.1" 302 184 "-" "Mozilla/5.0 (X11; Linux x86_64) AppleWebKit/537.36 (KHTML, like Gecko) Chrome/73.0.3683.75 Safari/537.36"
::1 - - [23/Mar/2019:09:32:36 +0000] "GET /vpcA6 HTTP/1.1" 302 184 "-" "Mozilla/5.0 (X11; Linux x86_64) AppleWebKit/537.36 (KHTML, like Gecko) Chrome/73.0.3683.75 Safari/537.36"
::1 - - [23/Mar/2019:09:34:34 +0000] "GET /bookmarks HTTP/1.1" 200 1069 "-" "PostmanRuntime/7.6.0"
::1 - - [23/Mar/2019:09:42:12 +0000] "GET /vpcA6 HTTP/1.1" 200 2 "-" "Mozilla/5.0 (X11; Linux x86_64) AppleWebKit/537.36 (KHTML, like Gecko) Chrome/73.0.3683.75 Safari/537.36"
::1 - - [23/Mar/2019:09:42:52 +0000] "GET /vpcA6 HTTP/1.1" 304 - "-" "Mozilla/5.0 (X11; Linux x86_64) AppleWebKit/537.36 (KHTML, like Gecko) Chrome/73.0.3683.75 Safari/537.36"
::1 - - [23/Mar/2019:09:42:55 +0000] "GET /vpcA6 HTTP/1.1" 304 - "-" "Mozilla/5.0 (X11; Linux x86_64) AppleWebKit/537.36 (KHTML, like Gecko) Chrome/73.0.3683.75 Safari/537.36"
::1 - - [23/Mar/2019:09:43:15 +0000] "GET /vpcA6 HTTP/1.1" 302 92 "-" "PostmanRuntime/7.6.0"
::1 - - [23/Mar/2019:09:43:35 +0000] "GET /vpcA6 HTTP/1.1" 304 - "-" "Mozilla/5.0 (X11; Linux x86_64) AppleWebKit/537.36 (KHTML, like Gecko) Chrome/73.0.3683.75 Safari/537.36"
::1 - - [23/Mar/2019:09:43:36 +0000] "GET /vpcA6 HTTP/1.1" 304 - "-" "Mozilla/5.0 (X11; Linux x86_64) AppleWebKit/537.36 (KHTML, like Gecko) Chrome/73.0.3683.75 Safari/537.36"
::1 - - [23/Mar/2019:09:43:37 +0000] "GET /vpcA6 HTTP/1.1" 304 - "-" "Mozilla/5.0 (X11; Linux x86_64) AppleWebKit/537.36 (KHTML, like Gecko) Chrome/73.0.3683.75 Safari/537.36"
::1 - - [23/Mar/2019:09:43:38 +0000] "GET /vpcA6 HTTP/1.1" 304 - "-" "Mozilla/5.0 (X11; Linux x86_64) AppleWebKit/537.36 (KHTML, like Gecko) Chrome/73.0.3683.75 Safari/537.36"
::1 - - [23/Mar/2019:09:43:38 +0000] "GET /vpcA6 HTTP/1.1" 304 - "-" "Mozilla/5.0 (X11; Linux x86_64) AppleWebKit/537.36 (KHTML, like Gecko) Chrome/73.0.3683.75 Safari/537.36"
::1 - - [23/Mar/2019:09:43:38 +0000] "GET /vpcA6 HTTP/1.1" 304 - "-" "Mozilla/5.0 (X11; Linux x86_64) AppleWebKit/537.36 (KHTML, like Gecko) Chrome/73.0.3683.75 Safari/537.36"
::1 - - [23/Mar/2019:09:43:39 +0000] "GET /vpcA6 HTTP/1.1" 304 - "-" "Mozilla/5.0 (X11; Linux x86_64) AppleWebKit/537.36 (KHTML, like Gecko) Chrome/73.0.3683.75 Safari/537.36"
::1 - - [23/Mar/2019:09:43:40 +0000] "GET /vpcA6 HTTP/1.1" 304 - "-" "Mozilla/5.0 (X11; Linux x86_64) AppleWebKit/537.36 (KHTML, like Gecko) Chrome/73.0.3683.75 Safari/537.36"
::1 - - [23/Mar/2019:09:43:53 +0000] "GET /vpcA6 HTTP/1.1" 304 - "-" "Mozilla/5.0 (X11; Linux x86_64) AppleWebKit/537.36 (KHTML, like Gecko) Chrome/73.0.3683.75 Safari/537.36"
::1 - - [23/Mar/2019:09:44:34 +0000] "GET /vpcA6 HTTP/1.1" 304 - "-" "Mozilla/5.0 (X11; Linux x86_64) AppleWebKit/537.36 (KHTML, like Gecko) Chrome/73.0.3683.75 Safari/537.36"
::1 - - [23/Mar/2019:09:46:26 +0000] "GET /vpcA6 HTTP/1.1" 304 - "-" "Mozilla/5.0 (X11; Linux x86_64) AppleWebKit/537.36 (KHTML, like Gecko) Chrome/73.0.3683.75 Safari/537.36"
::1 - - [23/Mar/2019:09:46:28 +0000] "GET /vpcA6 HTTP/1.1" 304 - "-" "Mozilla/5.0 (X11; Linux x86_64) AppleWebKit/537.36 (KHTML, like Gecko) Chrome/73.0.3683.75 Safari/537.36"
::1 - - [23/Mar/2019:09:46:29 +0000] "GET /vpcA6 HTTP/1.1" 304 - "-" "Mozilla/5.0 (X11; Linux x86_64) AppleWebKit/537.36 (KHTML, like Gecko) Chrome/73.0.3683.75 Safari/537.36"
::1 - - [23/Mar/2019:09:46:30 +0000] "GET /vpcA6 HTTP/1.1" 304 - "-" "Mozilla/5.0 (X11; Linux x86_64) AppleWebKit/537.36 (KHTML, like Gecko) Chrome/73.0.3683.75 Safari/537.36"
::1 - - [23/Mar/2019:09:46:31 +0000] "GET /vpcA6 HTTP/1.1" 304 - "-" "Mozilla/5.0 (X11; Linux x86_64) AppleWebKit/537.36 (KHTML, like Gecko) Chrome/73.0.3683.75 Safari/537.36"
::1 - - [23/Mar/2019:09:47:07 +0000] "GET /vpcA6 HTTP/1.1" 302 184 "-" "Mozilla/5.0 (X11; Linux x86_64) AppleWebKit/537.36 (KHTML, like Gecko) Chrome/73.0.3683.75 Safari/537.36"
::1 - - [23/Mar/2019:09:47:40 +0000] "GET /bookmarks HTTP/1.1" 200 1069 "-" "PostmanRuntime/7.6.0"
::1 - - [23/Mar/2019:09:48:22 +0000] "GET /vpcA6 HTTP/1.1" 200 2 "-" "Mozilla/5.0 (X11; Linux x86_64) AppleWebKit/537.36 (KHTML, like Gecko) Chrome/73.0.3683.75 Safari/537.36"
::1 - - [23/Mar/2019:09:49:33 +0000] "GET /vpcA6 HTTP/1.1" 302 92 "-" "PostmanRuntime/7.6.0"
::1 - - [23/Mar/2019:09:50:04 +0000] "GET /vpcA6 HTTP/1.1" 302 92 "-" "PostmanRuntime/7.6.0"
::1 - - [23/Mar/2019:09:50:16 +0000] "GET /vpcA6 HTTP/1.1" 302 184 "-" "Mozilla/5.0 (X11; Linux x86_64) AppleWebKit/537.36 (KHTML, like Gecko) Chrome/73.0.3683.75 Safari/537.36"
::1 - - [23/Mar/2019:09:50:37 +0000] "GET /vpcA6 HTTP/1.1" 302 184 "-" "Mozilla/5.0 (X11; Linux x86_64) AppleWebKit/537.36 (KHTML, like Gecko) Chrome/73.0.3683.75 Safari/537.36"
::1 - - [23/Mar/2019:09:50:53 +0000] "GET /vpcA6 HTTP/1.1" 302 184 "-" "Mozilla/5.0 (X11; Linux x86_64) AppleWebKit/537.36 (KHTML, like Gecko) Chrome/73.0.3683.75 Safari/537.36"
::1 - - [23/Mar/2019:09:52:21 +0000] "GET /vpcA6 HTTP/1.1" 302 184 "-" "Mozilla/5.0 (X11; Linux x86_64) AppleWebKit/537.36 (KHTML, like Gecko) Chrome/73.0.3683.75 Safari/537.36"
::1 - - [23/Mar/2019:09:52:31 +0000] "GET /bookmarks HTTP/1.1" 200 1227 "-" "PostmanRuntime/7.6.0"
::1 - - [23/Mar/2019:09:52:50 +0000] "GET /2dgQqK HTTP/1.1" 302 122 "-" "Mozilla/5.0 (X11; Linux x86_64) AppleWebKit/537.36 (KHTML, like Gecko) Chrome/73.0.3683.75 Safari/537.36"
::1 - - [23/Mar/2019:09:52:57 +0000] "GET /bookmarks HTTP/1.1" 200 1384 "-" "PostmanRuntime/7.6.0"
::1 - - [23/Mar/2019:10:31:31 +0000] "GET /2dgQqK HTTP/1.1" 302 61 "-" "PostmanRuntime/7.6.0"
::1 - - [23/Mar/2019:10:31:44 +0000] "GET /bookmarks HTTP/1.1" 200 1542 "-" "PostmanRuntime/7.6.0"
::1 - - [23/Mar/2019:10:32:40 +0000] "GET /2dgQqK HTTP/1.1" 302 61 "-" "PostmanRuntime/7.6.0"
::1 - - [23/Mar/2019:10:34:58 +0000] "GET /2dgQqK HTTP/1.1" 302 122 "-" "Mozilla/5.0 (X11; Linux x86_64) AppleWebKit/537.36 (KHTML, like Gecko) Chrome/73.0.3683.75 Safari/537.36"
::1 - - [23/Mar/2019:10:35:11 +0000] "GET /bookmarks HTTP/1.1" 200 1858 "-" "PostmanRuntime/7.6.0"
::1 - - [23/Mar/2019:10:41:50 +0000] "GET /2dgQqK HTTP/1.1" 302 61 "-" "PostmanRuntime/7.6.0"
::1 - - [23/Mar/2019:10:42:10 +0000] "GET /bookmarks HTTP/1.1" 200 2016 "-" "PostmanRuntime/7.6.0"
::1 - - [23/Mar/2019:10:44:37 +0000] "DELETE /bookmarks/5c7de886c6fdd625ea5b5683 HTTP/1.1" 200 233 "-" "PostmanRuntime/7.6.0"
::1 - - [23/Mar/2019:10:44:55 +0000] "DELETE /bookmarks/5c7e23b3df6be74ede029341 HTTP/1.1" 200 771 "-" "PostmanRuntime/7.6.0"
::1 - - [23/Mar/2019:10:45:08 +0000] "DELETE /bookmarks/5c7e24061bba564f09a313bd HTTP/1.1" 200 1008 "-" "PostmanRuntime/7.6.0"
::1 - - [23/Mar/2019:10:46:44 +0000] "POST /bookmarks/ HTTP/1.1" 200 233 "-" "PostmanRuntime/7.6.0"
::1 - - [23/Mar/2019:10:47:29 +0000] "POST /bookmarks/ HTTP/1.1" 200 298 "-" "PostmanRuntime/7.6.0"
::1 - - [23/Mar/2019:10:48:09 +0000] "POST /bookmarks/ HTTP/1.1" 200 219 "-" "PostmanRuntime/7.6.0"
::1 - - [23/Mar/2019:10:48:17 +0000] "GET /bookmarks HTTP/1.1" 200 754 "-" "PostmanRuntime/7.6.0"
::1 - - [23/Mar/2019:10:48:55 +0000] "GET /bookmarks/5c960e946cb09a3e0f5931b7 HTTP/1.1" 200 233 "-" "PostmanRuntime/7.6.0"
::1 - - [23/Mar/2019:10:49:07 +0000] "GET /2dgQqK HTTP/1.1" 302 61 "-" "PostmanRuntime/7.6.0"
::1 - - [23/Mar/2019:10:49:12 +0000] "GET /bookmarks HTTP/1.1" 200 911 "-" "PostmanRuntime/7.6.0"
::1 - - [23/Mar/2019:10:53:50 +0000] "GET /bookmarks/add HTTP/1.1" 200 182 "-" "PostmanRuntime/7.6.0"
::1 - - [23/Mar/2019:10:53:56 +0000] "GET /bookmarks/add/url HTTP/1.1" 404 62 "-" "PostmanRuntime/7.6.0"
::1 - - [23/Mar/2019:10:54:06 +0000] "GET /add HTTP/1.1" 404 44 "-" "PostmanRuntime/7.6.0"
::1 - - [23/Mar/2019:10:54:22 +0000] "GET /add/url HTTP/1.1" 404 62 "-" "PostmanRuntime/7.6.0"
